<?xml version="1.0" encoding="UTF-8"?>
<!-- Generated by org.testng.reporters.JUnitReportReporter -->
<testsuite hostname="DESKTOP-R8AVL3F" failures="0" tests="1" name="Utilities.readfiledata" time="0.653" errors="0" timestamp="2023-12-15T14:05:11 IST" skipped="0">
  <testcase classname="Utilities.readfiledata" name="readfiledata" time="0.653"/>
</testsuite> <!-- Utilities.readfiledata -->
